[25-Jul-2017 11:59:16 America/Sao_Paulo] Getting Video File https://127.0.0.1/YouPHPTube-Encoder/videos/original_EnabeAdWords_YPTuniqid_59775cc3b14976.24096851
[25-Jul-2017 11:59:16 America/Sao_Paulo] YouPHPTube-Encoder Start Encoder [ffmpeg -i /home/daniel/Dropbox/htdocs/YouPHPTube-Encoder/videos/27_tmpFile.mp4 -vf scale=640:360 -vcodec h264 -acodec aac -strict -2 -y /home/daniel/Dropbox/htdocs/YouPHPTube-Encoder/videos/27_tmpFile_converted.mp4] 
[25-Jul-2017 11:59:36 America/Sao_Paulo] YouPHPTube-Encoder Start Encoder [ffmpeg -i /home/daniel/Dropbox/htdocs/YouPHPTube-Encoder/videos/27_tmpFile.mp4 -vf scale=320:180 -f webm -c:v libvpx -b:v 1M -acodec libvorbis -y /home/daniel/Dropbox/htdocs/YouPHPTube-Encoder/videos/27_tmpFile_converted.webm] 
[25-Jul-2017 11:59:58 America/Sao_Paulo] Duration founded: 0:02:14
[25-Jul-2017 11:59:58 America/Sao_Paulo] YouPHPTube-Encoder sending file to https://127.0.0.1/YouPHPTube/youPHPTubeEncoder.json
[25-Jul-2017 11:59:58 America/Sao_Paulo] YouPHPTube-Encoder reading file from /home/daniel/Dropbox/htdocs/YouPHPTube-Encoder/videos/27_tmpFile_converted.webm
[25-Jul-2017 12:42:45 America/Sao_Paulo] PHP Parse error:  syntax error, unexpected '}' in /home/daniel/Dropbox/htdocs/YouPHPTube-Encoder/objects/Encoder.php on line 404
[25-Jul-2017 12:43:48 America/Sao_Paulo] PHP Notice:  Undefined variable: f in /home/daniel/Dropbox/htdocs/YouPHPTube-Encoder/objects/Encoder.php on line 396
[25-Jul-2017 12:43:48 America/Sao_Paulo] PHP Fatal error:  Uncaught Error: Call to a member function getId() on null in /home/daniel/Dropbox/htdocs/YouPHPTube-Encoder/objects/Encoder.php:396
Stack trace:
#0 /home/daniel/Dropbox/htdocs/YouPHPTube-Encoder/send.json.php(12): Encoder->send()
#1 {main}
  thrown in /home/daniel/Dropbox/htdocs/YouPHPTube-Encoder/objects/Encoder.php on line 396
[25-Jul-2017 12:44:24 America/Sao_Paulo] PHP Notice:  Undefined variable: f in /home/daniel/Dropbox/htdocs/YouPHPTube-Encoder/objects/Encoder.php on line 397
[25-Jul-2017 12:44:24 America/Sao_Paulo] PHP Notice:  Undefined variable:  in /home/daniel/Dropbox/htdocs/YouPHPTube-Encoder/objects/Encoder.php on line 397
[25-Jul-2017 12:44:24 America/Sao_Paulo] PHP Fatal error:  Uncaught Error: Call to a member function getCode() on null in /home/daniel/Dropbox/htdocs/YouPHPTube-Encoder/objects/Encoder.php:397
Stack trace:
#0 /home/daniel/Dropbox/htdocs/YouPHPTube-Encoder/send.json.php(12): Encoder->send()
#1 {main}
  thrown in /home/daniel/Dropbox/htdocs/YouPHPTube-Encoder/objects/Encoder.php on line 397
[25-Jul-2017 12:45:16 America/Sao_Paulo] PHP Catchable fatal error:  Object of class Format could not be converted to string in /home/daniel/Dropbox/htdocs/YouPHPTube-Encoder/objects/Encoder.php on line 398
[25-Jul-2017 12:46:30 America/Sao_Paulo] Duration founded: 0:02:14
[25-Jul-2017 12:46:30 America/Sao_Paulo] YouPHPTube-Encoder sending file to https://127.0.0.1/YouPHPTube/youPHPTubeEncoder.json
[25-Jul-2017 12:46:30 America/Sao_Paulo] YouPHPTube-Encoder reading file from /home/daniel/Dropbox/htdocs/YouPHPTube-Encoder/videos/27_tmpFile_converted.mp4
[25-Jul-2017 12:47:04 America/Sao_Paulo] Duration founded: 0:02:14
[25-Jul-2017 12:47:04 America/Sao_Paulo] YouPHPTube-Encoder sending file to https://127.0.0.1/YouPHPTube/youPHPTubeEncoder.json
[25-Jul-2017 12:47:04 America/Sao_Paulo] YouPHPTube-Encoder reading file from /home/daniel/Dropbox/htdocs/YouPHPTube-Encoder/videos/27_tmpFile_converted.mp4
[25-Jul-2017 12:50:35 America/Sao_Paulo] Duration founded: 0:02:14
[25-Jul-2017 12:50:35 America/Sao_Paulo] YouPHPTube-Encoder sending file to https://127.0.0.1/YouPHPTube/youPHPTubeEncoder.json
[25-Jul-2017 12:50:35 America/Sao_Paulo] YouPHPTube-Encoder reading file from /home/daniel/Dropbox/htdocs/YouPHPTube-Encoder/videos/27_tmpFile_converted.mp4
[25-Jul-2017 12:51:08 America/Sao_Paulo] Duration founded: 0:02:14
[25-Jul-2017 12:51:08 America/Sao_Paulo] YouPHPTube-Encoder sending file to https://127.0.0.1/YouPHPTube/youPHPTubeEncoder.json
[25-Jul-2017 12:51:08 America/Sao_Paulo] YouPHPTube-Encoder reading file from /home/daniel/Dropbox/htdocs/YouPHPTube-Encoder/videos/27_tmpFile_converted.mp4
[25-Jul-2017 12:53:25 America/Sao_Paulo] Duration founded: 0:02:14
[25-Jul-2017 12:53:25 America/Sao_Paulo] YouPHPTube-Encoder sending file to https://127.0.0.1/YouPHPTube/youPHPTubeEncoder.json
[25-Jul-2017 12:53:25 America/Sao_Paulo] YouPHPTube-Encoder reading file from /home/daniel/Dropbox/htdocs/YouPHPTube-Encoder/videos/27_tmpFile_converted.mp4
[25-Jul-2017 12:54:15 America/Sao_Paulo] Duration founded: 0:02:14
[25-Jul-2017 12:54:15 America/Sao_Paulo] YouPHPTube-Encoder sending file to https://127.0.0.1/YouPHPTube/youPHPTubeEncoder.json
[25-Jul-2017 12:54:15 America/Sao_Paulo] YouPHPTube-Encoder reading file from /home/daniel/Dropbox/htdocs/YouPHPTube-Encoder/videos/27_tmpFile_converted.mp4
[25-Jul-2017 12:54:29 America/Sao_Paulo] Duration founded: 0:02:14
[25-Jul-2017 12:54:29 America/Sao_Paulo] YouPHPTube-Encoder sending file to https://127.0.0.1/YouPHPTube/youPHPTubeEncoder.json
[25-Jul-2017 12:54:29 America/Sao_Paulo] YouPHPTube-Encoder reading file from /home/daniel/Dropbox/htdocs/YouPHPTube-Encoder/videos/27_tmpFile_converted.mp4
[25-Jul-2017 12:54:29 America/Sao_Paulo] Duration founded: 0:02:14
[25-Jul-2017 12:54:29 America/Sao_Paulo] YouPHPTube-Encoder sending file to https://127.0.0.1/YouPHPTube/youPHPTubeEncoder.json
[25-Jul-2017 12:54:29 America/Sao_Paulo] YouPHPTube-Encoder reading file from /home/daniel/Dropbox/htdocs/YouPHPTube-Encoder/videos/27_tmpFile_converted.webm
[25-Jul-2017 12:55:13 America/Sao_Paulo] Duration founded: 0:02:14
[25-Jul-2017 12:55:13 America/Sao_Paulo] YouPHPTube-Encoder sending file to https://127.0.0.1/YouPHPTube/youPHPTubeEncoder.json
[25-Jul-2017 12:55:13 America/Sao_Paulo] YouPHPTube-Encoder reading file from /home/daniel/Dropbox/htdocs/YouPHPTube-Encoder/videos/27_tmpFile_converted.mp4
[25-Jul-2017 12:55:13 America/Sao_Paulo] Duration founded: 0:02:14
[25-Jul-2017 12:55:13 America/Sao_Paulo] YouPHPTube-Encoder sending file to https://127.0.0.1/YouPHPTube/youPHPTubeEncoder.json
[25-Jul-2017 12:55:13 America/Sao_Paulo] YouPHPTube-Encoder reading file from /home/daniel/Dropbox/htdocs/YouPHPTube-Encoder/videos/27_tmpFile_converted.webm
[25-Jul-2017 12:56:49 America/Sao_Paulo] Getting Video File https://127.0.0.1/YouPHPTube-Encoder/videos/original_EnabeAdWords_YPTuniqid_59776a41206c21.04874881
[25-Jul-2017 12:56:50 America/Sao_Paulo] YouPHPTube-Encoder Start Encoder [ffmpeg -i /home/daniel/Dropbox/htdocs/YouPHPTube-Encoder/videos/28_tmpFile.mp4 -vf scale=640:360 -vcodec h264 -acodec aac -strict -2 -y /home/daniel/Dropbox/htdocs/YouPHPTube-Encoder/videos/28_tmpFile_converted.mp4] 
[25-Jul-2017 12:57:13 America/Sao_Paulo] YouPHPTube-Encoder Start Encoder [ffmpeg -i /home/daniel/Dropbox/htdocs/YouPHPTube-Encoder/videos/28_tmpFile.mp4 -vf scale=320:180 -f webm -c:v libvpx -b:v 1M -acodec libvorbis -y /home/daniel/Dropbox/htdocs/YouPHPTube-Encoder/videos/28_tmpFile_converted.webm] 
[25-Jul-2017 12:57:37 America/Sao_Paulo] Duration founded: 0:02:14
[25-Jul-2017 12:57:37 America/Sao_Paulo] YouPHPTube-Encoder sending file to https://127.0.0.1/YouPHPTube/youPHPTubeEncoder.json
[25-Jul-2017 12:57:37 America/Sao_Paulo] YouPHPTube-Encoder reading file from /home/daniel/Dropbox/htdocs/YouPHPTube-Encoder/videos/28_tmpFile_converted.webm
[25-Jul-2017 13:00:38 America/Sao_Paulo] Getting Video File https://127.0.0.1/YouPHPTube-Encoder/videos/original_EnabeAdWords_YPTuniqid_59776b25ae7cc6.57190210
[25-Jul-2017 13:00:38 America/Sao_Paulo] YouPHPTube-Encoder Start Encoder [ffmpeg -i /home/daniel/Dropbox/htdocs/YouPHPTube-Encoder/videos/29_tmpFile.mp4 -vf scale=640:360 -vcodec h264 -acodec aac -strict -2 -y /home/daniel/Dropbox/htdocs/YouPHPTube-Encoder/videos/29_tmpFile_converted.mp4] 
[25-Jul-2017 13:01:04 America/Sao_Paulo] YouPHPTube-Encoder Start Encoder [ffmpeg -i /home/daniel/Dropbox/htdocs/YouPHPTube-Encoder/videos/29_tmpFile.mp4 -vf scale=320:180 -f webm -c:v libvpx -b:v 1M -acodec libvorbis -y /home/daniel/Dropbox/htdocs/YouPHPTube-Encoder/videos/29_tmpFile_converted.webm] 
[25-Jul-2017 13:01:28 America/Sao_Paulo] Duration founded: 0:02:14
[25-Jul-2017 13:01:28 America/Sao_Paulo] YouPHPTube-Encoder sending file to https://127.0.0.1/YouPHPTube/youPHPTubeEncoder.json
[25-Jul-2017 13:01:28 America/Sao_Paulo] YouPHPTube-Encoder reading file from /home/daniel/Dropbox/htdocs/YouPHPTube-Encoder/videos/29_tmpFile_converted.mp4
[25-Jul-2017 13:01:31 America/Sao_Paulo] Duration founded: 0:02:14
[25-Jul-2017 13:01:31 America/Sao_Paulo] YouPHPTube-Encoder sending file to https://127.0.0.1/YouPHPTube/youPHPTubeEncoder.json
[25-Jul-2017 13:01:31 America/Sao_Paulo] YouPHPTube-Encoder reading file from /home/daniel/Dropbox/htdocs/YouPHPTube-Encoder/videos/29_tmpFile_converted.webm
[25-Jul-2017 13:01:32 America/Sao_Paulo] PHP Notice:  Undefined property: stdClass::$error in /home/daniel/Dropbox/htdocs/YouPHPTube-Encoder/objects/Encoder.php on line 369
[25-Jul-2017 13:02:15 America/Sao_Paulo] Getting from Youtube DL youtube-dl -o /tmp/youtubeDlOd16oF.mp4 https://www.youtube.com/watch?v=frkzmnB4MR8
[25-Jul-2017 13:04:42 America/Sao_Paulo] Could not remove files from disk 31_tmpFile*
[25-Jul-2017 13:04:54 America/Sao_Paulo] PHP Warning:  file_get_contents(): Filename cannot be empty in /home/daniel/Dropbox/htdocs/YouPHPTube-Encoder/objects/Encoder.php on line 221
[25-Jul-2017 13:05:10 America/Sao_Paulo] Getting from Youtube DL youtube-dl -o /tmp/youtubeDlhIRNP4.mp4 https://www.youtube.com/watch?v=frkzmnB4MR8
[25-Jul-2017 13:06:52 America/Sao_Paulo] YouPHPTube-Encoder Start Encoder [ffmpeg -i /home/daniel/Dropbox/htdocs/YouPHPTube-Encoder/videos/32_tmpFile.mp4 -vf scale=640:360 -vcodec h264 -acodec aac -strict -2 -y /home/daniel/Dropbox/htdocs/YouPHPTube-Encoder/videos/32_tmpFile_converted.mp4] 
[25-Jul-2017 13:08:33 America/Sao_Paulo] YouPHPTube-Encoder Start Encoder [ffmpeg -i /home/daniel/Dropbox/htdocs/YouPHPTube-Encoder/videos/32_tmpFile.mp4 -vf scale=320:180 -f webm -c:v libvpx -b:v 1M -acodec libvorbis -y /home/daniel/Dropbox/htdocs/YouPHPTube-Encoder/videos/32_tmpFile_converted.webm] 
[25-Jul-2017 13:11:00 America/Sao_Paulo] Duration founded: 0:03:41
[25-Jul-2017 13:11:00 America/Sao_Paulo] YouPHPTube-Encoder sending file to https://127.0.0.1/YouPHPTube/youPHPTubeEncoder.json
[25-Jul-2017 13:11:00 America/Sao_Paulo] YouPHPTube-Encoder reading file from /home/daniel/Dropbox/htdocs/YouPHPTube-Encoder/videos/32_tmpFile_converted.mp4
[25-Jul-2017 13:11:05 America/Sao_Paulo] Duration founded: 0:03:41
[25-Jul-2017 13:11:05 America/Sao_Paulo] YouPHPTube-Encoder sending file to https://127.0.0.1/YouPHPTube/youPHPTubeEncoder.json
[25-Jul-2017 13:11:05 America/Sao_Paulo] YouPHPTube-Encoder reading file from /home/daniel/Dropbox/htdocs/YouPHPTube-Encoder/videos/32_tmpFile_converted.webm
[25-Jul-2017 13:11:07 America/Sao_Paulo] PHP Notice:  Undefined property: stdClass::$error in /home/daniel/Dropbox/htdocs/YouPHPTube-Encoder/objects/Encoder.php on line 369
[25-Jul-2017 13:19:21 America/Sao_Paulo] Getting from Youtube DL youtube-dl -o /tmp/youtubeDlcomO4n.mp4 https://www.youtube.com/watch?v=frkzmnB4MR8
[25-Jul-2017 13:19:21 America/Sao_Paulo] Getting from Youtube DL youtube-dl -o /tmp/youtubeDldYXcrp.mp4 https://www.youtube.com/watch?v=frkzmnB4MR8
[25-Jul-2017 13:20:22 America/Sao_Paulo] Getting from Youtube DL youtube-dl -o /tmp/youtubeDlJgTruB.mp4 https://www.youtube.com/watch?v=frkzmnB4MR8
[25-Jul-2017 13:20:22 America/Sao_Paulo] Getting from Youtube DL youtube-dl -o /tmp/youtubeDlEc2lTC.mp4 https://www.youtube.com/watch?v=frkzmnB4MR8
[25-Jul-2017 13:29:26 America/Sao_Paulo] PHP Notice:  Undefined variable: code in /home/daniel/Dropbox/htdocs/YouPHPTube-Encoder/objects/Encoder.php on line 212
[25-Jul-2017 13:29:26 America/Sao_Paulo] 
Array
(
)

[25-Jul-2017 13:29:45 America/Sao_Paulo] YouPHPTube-Encoder Start Encoder [ffmpeg -i /home/daniel/Dropbox/htdocs/YouPHPTube-Encoder/videos/34_tmpFile.mp4 -y /home/daniel/Dropbox/htdocs/YouPHPTube-Encoder/videos/34_tmpFile_converted.mp3] 
[25-Jul-2017 13:29:51 America/Sao_Paulo] YouPHPTube-Encoder Start Encoder [ffmpeg -i /home/daniel/Dropbox/htdocs/YouPHPTube-Encoder/videos/34_tmpFile_converted.mp3 -filter_complex '[0:a]showwaves=s=640x360:mode=line,format=yuv420p[v]' -map '[v]' -map 0:a -c:v libx264 -c:a copy /home/daniel/Dropbox/htdocs/YouPHPTube-Encoder/videos/34_tmpFile_converted.mp4] 
[25-Jul-2017 13:30:36 America/Sao_Paulo] YouPHPTube-Encoder Start Encoder [ffmpeg -i /home/daniel/Dropbox/htdocs/YouPHPTube-Encoder/videos/34_tmpFile_converted.mp4 -vf scale=320:180 -f webm -c:v libvpx -b:v 1M -acodec libvorbis -y /home/daniel/Dropbox/htdocs/YouPHPTube-Encoder/videos/34_tmpFile_converted.webm] 
[25-Jul-2017 13:31:38 America/Sao_Paulo] Duration founded: 0:03:41
[25-Jul-2017 13:31:38 America/Sao_Paulo] YouPHPTube-Encoder sending file to https://127.0.0.1/YouPHPTube/youPHPTubeEncoder.json
[25-Jul-2017 13:31:38 America/Sao_Paulo] YouPHPTube-Encoder reading file from /home/daniel/Dropbox/htdocs/YouPHPTube-Encoder/videos/34_tmpFile_converted.mp3
[25-Jul-2017 13:31:38 America/Sao_Paulo] Create Image error: ffmpeg -i /home/daniel/Dropbox/htdocs/YouPHPTube-Encoder/videos/34_tmpFile_converted.mp3 -ss 00:01:50 -vframes 1 -y /home/daniel/Dropbox/htdocs/YouPHPTube-Encoder/videos/34_tmpFile_converted.mp3.jpg
[25-Jul-2017 13:31:38 America/Sao_Paulo] Duration founded: 0:03:41
[25-Jul-2017 13:31:38 America/Sao_Paulo] YouPHPTube-Encoder sending file to https://127.0.0.1/YouPHPTube/youPHPTubeEncoder.json
[25-Jul-2017 13:31:38 America/Sao_Paulo] YouPHPTube-Encoder reading file from /home/daniel/Dropbox/htdocs/YouPHPTube-Encoder/videos/34_tmpFile_converted.mp4
[25-Jul-2017 13:31:44 America/Sao_Paulo] Duration founded: 0:03:41
[25-Jul-2017 13:31:44 America/Sao_Paulo] YouPHPTube-Encoder sending file to https://127.0.0.1/YouPHPTube/youPHPTubeEncoder.json
[25-Jul-2017 13:31:44 America/Sao_Paulo] YouPHPTube-Encoder reading file from /home/daniel/Dropbox/htdocs/YouPHPTube-Encoder/videos/34_tmpFile_converted.webm
[25-Jul-2017 13:31:46 America/Sao_Paulo] PHP Notice:  Undefined property: stdClass::$error in /home/daniel/Dropbox/htdocs/YouPHPTube-Encoder/objects/Encoder.php on line 369
[25-Jul-2017 13:31:48 America/Sao_Paulo] PHP Notice:  Undefined variable: code in /home/daniel/Dropbox/htdocs/YouPHPTube-Encoder/objects/Encoder.php on line 212
[25-Jul-2017 13:31:48 America/Sao_Paulo] 
Array
(
)

[25-Jul-2017 13:32:42 America/Sao_Paulo] YouPHPTube-Encoder Start Encoder [ffmpeg -i /home/daniel/Dropbox/htdocs/YouPHPTube-Encoder/videos/34_tmpFile.mp4 -y /home/daniel/Dropbox/htdocs/YouPHPTube-Encoder/videos/34_tmpFile_converted.mp3] 
[25-Jul-2017 13:32:49 America/Sao_Paulo] YouPHPTube-Encoder Start Encoder [ffmpeg -i /home/daniel/Dropbox/htdocs/YouPHPTube-Encoder/videos/34_tmpFile_converted.mp3 -filter_complex '[0:a]showwaves=s=640x360:mode=line,format=yuv420p[v]' -map '[v]' -map 0:a -c:v libx264 -c:a copy /home/daniel/Dropbox/htdocs/YouPHPTube-Encoder/videos/34_tmpFile_converted.mp4] 
[25-Jul-2017 13:32:49 America/Sao_Paulo] ffmpeg -i /home/daniel/Dropbox/htdocs/YouPHPTube-Encoder/videos/34_tmpFile_converted.mp3 -filter_complex '[0:a]showwaves=s=640x360:mode=line,format=yuv420p[v]' -map '[v]' -map 0:a -c:v libx264 -c:a copy /home/daniel/Dropbox/htdocs/YouPHPTube-Encoder/videos/34_tmpFile_converted.mp4
Array
(
)
 (5, /home/daniel/Dropbox/htdocs/YouPHPTube-Encoder/videos/34_tmpFile_converted.mp3, /home/daniel/Dropbox/htdocs/YouPHPTube-Encoder/videos/34_tmpFile_converted.mp4, 34) 
[25-Jul-2017 13:32:49 America/Sao_Paulo] stdClass Object
(
    [error] => 1
    [msg] => Execute code error Array
(
)
 
 Code: ffmpeg -i /home/daniel/Dropbox/htdocs/YouPHPTube-Encoder/videos/34_tmpFile_converted.mp3 -filter_complex '[0:a]showwaves=s=640x360:mode=line,format=yuv420p[v]' -map '[v]' -map 0:a -c:v libx264 -c:a copy /home/daniel/Dropbox/htdocs/YouPHPTube-Encoder/videos/34_tmpFile_converted.mp4
)

[25-Jul-2017 13:34:57 America/Sao_Paulo] Could not remove files from disk 35_tmpFile*
[25-Jul-2017 13:37:14 America/Sao_Paulo] Getting from Youtube DL youtube-dl -o /tmp/youtubeDlTXChad.mp4 https://www.youtube.com/watch?v=frkzmnB4MR8
[25-Jul-2017 13:39:14 America/Sao_Paulo] PHP Notice:  Undefined variable: id in /home/daniel/Dropbox/htdocs/YouPHPTube-Encoder/status.php on line 22
[25-Jul-2017 13:42:09 America/Sao_Paulo] PHP Notice:  Undefined variable: row in /home/daniel/Dropbox/htdocs/YouPHPTube-Encoder/objects/Encoder.php on line 279
[25-Jul-2017 13:48:19 America/Sao_Paulo] YouPHPTube-Encoder Start Encoder [ffmpeg -i /home/daniel/Dropbox/htdocs/YouPHPTube-Encoder/videos/36_tmpFile.mp4 -vf scale=640:360 -vcodec h264 -acodec aac -strict -2 -y /home/daniel/Dropbox/htdocs/YouPHPTube-Encoder/videos/36_tmpFile_converted.mp4] 
[25-Jul-2017 13:50:40 America/Sao_Paulo] YouPHPTube-Encoder Start Encoder [ffmpeg -i /home/daniel/Dropbox/htdocs/YouPHPTube-Encoder/videos/36_tmpFile.mp4 -vf scale=320:180 -f webm -c:v libvpx -b:v 1M -acodec libvorbis -y /home/daniel/Dropbox/htdocs/YouPHPTube-Encoder/videos/36_tmpFile_converted.webm] 
[25-Jul-2017 13:53:18 America/Sao_Paulo] Duration founded: 0:03:41
[25-Jul-2017 13:53:18 America/Sao_Paulo] YouPHPTube-Encoder sending file to https://127.0.0.1/YouPHPTube/youPHPTubeEncoder.json
[25-Jul-2017 13:53:18 America/Sao_Paulo] YouPHPTube-Encoder reading file from /home/daniel/Dropbox/htdocs/YouPHPTube-Encoder/videos/36_tmpFile_converted.mp4
[25-Jul-2017 13:53:24 America/Sao_Paulo] Duration founded: 0:03:41
[25-Jul-2017 13:53:24 America/Sao_Paulo] YouPHPTube-Encoder sending file to https://127.0.0.1/YouPHPTube/youPHPTubeEncoder.json
[25-Jul-2017 13:53:24 America/Sao_Paulo] YouPHPTube-Encoder reading file from /home/daniel/Dropbox/htdocs/YouPHPTube-Encoder/videos/36_tmpFile_converted.webm
[25-Jul-2017 13:53:27 America/Sao_Paulo] PHP Notice:  Undefined property: stdClass::$error in /home/daniel/Dropbox/htdocs/YouPHPTube-Encoder/objects/Encoder.php on line 369
[25-Jul-2017 13:53:27 America/Sao_Paulo] PHP Notice:  Undefined index: streamers_id in /home/daniel/Dropbox/htdocs/YouPHPTube-Encoder/objects/Encoder.php on line 279
[25-Jul-2017 13:53:27 America/Sao_Paulo] Getting Video File https://127.0.0.1/YouPHPTube-Encoder/videos/original_EnabeAdWords_YPTuniqid_59777662a40e26.58175686
[25-Jul-2017 13:53:27 America/Sao_Paulo] YouPHPTube-Encoder Start Encoder [ffmpeg -i /home/daniel/Dropbox/htdocs/YouPHPTube-Encoder/videos/37_tmpFile.mp4 -vf scale=640:360 -vcodec h264 -acodec aac -strict -2 -y /home/daniel/Dropbox/htdocs/YouPHPTube-Encoder/videos/37_tmpFile_converted.mp4] 
[25-Jul-2017 13:53:48 America/Sao_Paulo] YouPHPTube-Encoder Start Encoder [ffmpeg -i /home/daniel/Dropbox/htdocs/YouPHPTube-Encoder/videos/37_tmpFile.mp4 -vf scale=320:180 -f webm -c:v libvpx -b:v 1M -acodec libvorbis -y /home/daniel/Dropbox/htdocs/YouPHPTube-Encoder/videos/37_tmpFile_converted.webm] 
[25-Jul-2017 13:54:11 America/Sao_Paulo] Duration founded: 0:02:14
[25-Jul-2017 13:54:11 America/Sao_Paulo] YouPHPTube-Encoder sending file to https://127.0.0.1/YouPHPTube/youPHPTubeEncoder.json
[25-Jul-2017 13:54:11 America/Sao_Paulo] YouPHPTube-Encoder reading file from /home/daniel/Dropbox/htdocs/YouPHPTube-Encoder/videos/37_tmpFile_converted.mp4
[25-Jul-2017 13:54:14 America/Sao_Paulo] Duration founded: 0:02:14
[25-Jul-2017 13:54:14 America/Sao_Paulo] YouPHPTube-Encoder sending file to https://127.0.0.1/YouPHPTube/youPHPTubeEncoder.json
[25-Jul-2017 13:54:14 America/Sao_Paulo] YouPHPTube-Encoder reading file from /home/daniel/Dropbox/htdocs/YouPHPTube-Encoder/videos/37_tmpFile_converted.webm
[25-Jul-2017 13:54:15 America/Sao_Paulo] PHP Notice:  Undefined property: stdClass::$error in /home/daniel/Dropbox/htdocs/YouPHPTube-Encoder/objects/Encoder.php on line 369
[25-Jul-2017 13:55:09 America/Sao_Paulo] YouPHPTube-Encoder Start Encoder [ffmpeg -i /home/daniel/Dropbox/htdocs/YouPHPTube-Encoder/videos/37_tmpFile.mp4 -vf scale=640:360 -vcodec h264 -acodec aac -strict -2 -y /home/daniel/Dropbox/htdocs/YouPHPTube-Encoder/videos/37_tmpFile_converted.mp4] 
[25-Jul-2017 13:55:34 America/Sao_Paulo] YouPHPTube-Encoder Start Encoder [ffmpeg -i /home/daniel/Dropbox/htdocs/YouPHPTube-Encoder/videos/37_tmpFile.mp4 -vf scale=320:180 -f webm -c:v libvpx -b:v 1M -acodec libvorbis -y /home/daniel/Dropbox/htdocs/YouPHPTube-Encoder/videos/37_tmpFile_converted.webm] 
[25-Jul-2017 13:55:58 America/Sao_Paulo] Duration founded: 0:02:14
[25-Jul-2017 13:55:58 America/Sao_Paulo] YouPHPTube-Encoder sending file to https://127.0.0.1/YouPHPTube/youPHPTubeEncoder.json
[25-Jul-2017 13:55:58 America/Sao_Paulo] YouPHPTube-Encoder reading file from /home/daniel/Dropbox/htdocs/YouPHPTube-Encoder/videos/37_tmpFile_converted.mp4
[25-Jul-2017 13:55:59 America/Sao_Paulo] Duration founded: 0:02:14
[25-Jul-2017 13:55:59 America/Sao_Paulo] YouPHPTube-Encoder sending file to https://127.0.0.1/YouPHPTube/youPHPTubeEncoder.json
[25-Jul-2017 13:55:59 America/Sao_Paulo] YouPHPTube-Encoder reading file from /home/daniel/Dropbox/htdocs/YouPHPTube-Encoder/videos/37_tmpFile_converted.webm
[25-Jul-2017 13:55:59 America/Sao_Paulo] PHP Notice:  Undefined property: stdClass::$error in /home/daniel/Dropbox/htdocs/YouPHPTube-Encoder/objects/Encoder.php on line 380
[25-Jul-2017 13:55:59 America/Sao_Paulo] YouPHPTube-Encoder Start Encoder [ffmpeg -i /home/daniel/Dropbox/htdocs/YouPHPTube-Encoder/videos/36_tmpFile.mp4 -vf scale=640:360 -vcodec h264 -acodec aac -strict -2 -y /home/daniel/Dropbox/htdocs/YouPHPTube-Encoder/videos/36_tmpFile_converted.mp4] 
[25-Jul-2017 13:58:00 America/Sao_Paulo] YouPHPTube-Encoder Start Encoder [ffmpeg -i /home/daniel/Dropbox/htdocs/YouPHPTube-Encoder/videos/36_tmpFile.mp4 -vf scale=320:180 -f webm -c:v libvpx -b:v 1M -acodec libvorbis -y /home/daniel/Dropbox/htdocs/YouPHPTube-Encoder/videos/36_tmpFile_converted.webm] 
[25-Jul-2017 14:00:35 America/Sao_Paulo] Duration founded: 0:03:41
[25-Jul-2017 14:00:35 America/Sao_Paulo] YouPHPTube-Encoder sending file to https://127.0.0.1/YouPHPTube/youPHPTubeEncoder.json
[25-Jul-2017 14:00:35 America/Sao_Paulo] YouPHPTube-Encoder reading file from /home/daniel/Dropbox/htdocs/YouPHPTube-Encoder/videos/36_tmpFile_converted.mp4
[25-Jul-2017 14:00:36 America/Sao_Paulo] Duration founded: 0:03:41
[25-Jul-2017 14:00:36 America/Sao_Paulo] YouPHPTube-Encoder sending file to https://127.0.0.1/YouPHPTube/youPHPTubeEncoder.json
[25-Jul-2017 14:00:36 America/Sao_Paulo] YouPHPTube-Encoder reading file from /home/daniel/Dropbox/htdocs/YouPHPTube-Encoder/videos/36_tmpFile_converted.webm
[25-Jul-2017 14:00:36 America/Sao_Paulo] PHP Notice:  Undefined property: stdClass::$error in /home/daniel/Dropbox/htdocs/YouPHPTube-Encoder/objects/Encoder.php on line 380
[25-Jul-2017 14:03:05 America/Sao_Paulo] YouPHPTube-Encoder Start Encoder [ffmpeg -i /home/daniel/Dropbox/htdocs/YouPHPTube-Encoder/videos/37_tmpFile.mp4 -vf scale=640:360 -vcodec h264 -acodec aac -strict -2 -y /home/daniel/Dropbox/htdocs/YouPHPTube-Encoder/videos/37_tmpFile_converted.mp4] 
[25-Jul-2017 14:03:29 America/Sao_Paulo] YouPHPTube-Encoder Start Encoder [ffmpeg -i /home/daniel/Dropbox/htdocs/YouPHPTube-Encoder/videos/37_tmpFile.mp4 -vf scale=320:180 -f webm -c:v libvpx -b:v 1M -acodec libvorbis -y /home/daniel/Dropbox/htdocs/YouPHPTube-Encoder/videos/37_tmpFile_converted.webm] 
[25-Jul-2017 14:03:54 America/Sao_Paulo] Duration founded: 0:02:14
[25-Jul-2017 14:03:54 America/Sao_Paulo] YouPHPTube-Encoder sending file to https://127.0.0.1/YouPHPTube/youPHPTubeEncoder.json
[25-Jul-2017 14:03:54 America/Sao_Paulo] YouPHPTube-Encoder reading file from /home/daniel/Dropbox/htdocs/YouPHPTube-Encoder/videos/37_tmpFile_converted.mp4
[25-Jul-2017 14:03:54 America/Sao_Paulo] Duration founded: 0:02:14
[25-Jul-2017 14:03:54 America/Sao_Paulo] YouPHPTube-Encoder sending file to https://127.0.0.1/YouPHPTube/youPHPTubeEncoder.json
[25-Jul-2017 14:03:54 America/Sao_Paulo] YouPHPTube-Encoder reading file from /home/daniel/Dropbox/htdocs/YouPHPTube-Encoder/videos/37_tmpFile_converted.webm
[25-Jul-2017 14:03:54 America/Sao_Paulo] PHP Notice:  Undefined property: stdClass::$error in /home/daniel/Dropbox/htdocs/YouPHPTube-Encoder/objects/Encoder.php on line 380
[25-Jul-2017 14:03:55 America/Sao_Paulo] YouPHPTube-Encoder Start Encoder [ffmpeg -i /home/daniel/Dropbox/htdocs/YouPHPTube-Encoder/videos/36_tmpFile.mp4 -vf scale=640:360 -vcodec h264 -acodec aac -strict -2 -y /home/daniel/Dropbox/htdocs/YouPHPTube-Encoder/videos/36_tmpFile_converted.mp4] 
[25-Jul-2017 14:06:05 America/Sao_Paulo] YouPHPTube-Encoder Start Encoder [ffmpeg -i /home/daniel/Dropbox/htdocs/YouPHPTube-Encoder/videos/36_tmpFile.mp4 -vf scale=320:180 -f webm -c:v libvpx -b:v 1M -acodec libvorbis -y /home/daniel/Dropbox/htdocs/YouPHPTube-Encoder/videos/36_tmpFile_converted.webm] 
[25-Jul-2017 14:08:51 America/Sao_Paulo] Duration founded: 0:03:41
[25-Jul-2017 14:08:51 America/Sao_Paulo] YouPHPTube-Encoder sending file to https://127.0.0.1/YouPHPTube/youPHPTubeEncoder.json
[25-Jul-2017 14:08:51 America/Sao_Paulo] YouPHPTube-Encoder reading file from /home/daniel/Dropbox/htdocs/YouPHPTube-Encoder/videos/36_tmpFile_converted.mp4
[25-Jul-2017 14:08:52 America/Sao_Paulo] Duration founded: 0:03:41
[25-Jul-2017 14:08:52 America/Sao_Paulo] YouPHPTube-Encoder sending file to https://127.0.0.1/YouPHPTube/youPHPTubeEncoder.json
[25-Jul-2017 14:08:52 America/Sao_Paulo] YouPHPTube-Encoder reading file from /home/daniel/Dropbox/htdocs/YouPHPTube-Encoder/videos/36_tmpFile_converted.webm
[25-Jul-2017 14:08:52 America/Sao_Paulo] PHP Notice:  Undefined property: stdClass::$error in /home/daniel/Dropbox/htdocs/YouPHPTube-Encoder/objects/Encoder.php on line 380
[25-Jul-2017 14:09:28 America/Sao_Paulo] YouPHPTube-Encoder Start Encoder [ffmpeg -i /home/daniel/Dropbox/htdocs/YouPHPTube-Encoder/videos/37_tmpFile.mp4 -vf scale=640:360 -vcodec h264 -acodec aac -strict -2 -y /home/daniel/Dropbox/htdocs/YouPHPTube-Encoder/videos/37_tmpFile_converted.mp4] 
[25-Jul-2017 14:09:52 America/Sao_Paulo] YouPHPTube-Encoder Start Encoder [ffmpeg -i /home/daniel/Dropbox/htdocs/YouPHPTube-Encoder/videos/37_tmpFile.mp4 -vf scale=320:180 -f webm -c:v libvpx -b:v 1M -acodec libvorbis -y /home/daniel/Dropbox/htdocs/YouPHPTube-Encoder/videos/37_tmpFile_converted.webm] 
[25-Jul-2017 14:10:15 America/Sao_Paulo] Duration founded: 0:02:14
[25-Jul-2017 14:10:15 America/Sao_Paulo] YouPHPTube-Encoder sending file to https://127.0.0.1/YouPHPTube/youPHPTubeEncoder.json
[25-Jul-2017 14:10:15 America/Sao_Paulo] YouPHPTube-Encoder reading file from /home/daniel/Dropbox/htdocs/YouPHPTube-Encoder/videos/37_tmpFile_converted.mp4
[25-Jul-2017 14:10:16 America/Sao_Paulo] Duration founded: 0:02:14
[25-Jul-2017 14:10:16 America/Sao_Paulo] YouPHPTube-Encoder sending file to https://127.0.0.1/YouPHPTube/youPHPTubeEncoder.json
[25-Jul-2017 14:10:16 America/Sao_Paulo] YouPHPTube-Encoder reading file from /home/daniel/Dropbox/htdocs/YouPHPTube-Encoder/videos/37_tmpFile_converted.webm
[25-Jul-2017 14:10:16 America/Sao_Paulo] PHP Notice:  Undefined property: stdClass::$error in /home/daniel/Dropbox/htdocs/YouPHPTube-Encoder/objects/Encoder.php on line 380
[25-Jul-2017 14:10:16 America/Sao_Paulo] YouPHPTube-Encoder Start Encoder [ffmpeg -i /home/daniel/Dropbox/htdocs/YouPHPTube-Encoder/videos/36_tmpFile.mp4 -vf scale=640:360 -vcodec h264 -acodec aac -strict -2 -y /home/daniel/Dropbox/htdocs/YouPHPTube-Encoder/videos/36_tmpFile_converted.mp4] 
[25-Jul-2017 14:12:25 America/Sao_Paulo] YouPHPTube-Encoder Start Encoder [ffmpeg -i /home/daniel/Dropbox/htdocs/YouPHPTube-Encoder/videos/36_tmpFile.mp4 -vf scale=320:180 -f webm -c:v libvpx -b:v 1M -acodec libvorbis -y /home/daniel/Dropbox/htdocs/YouPHPTube-Encoder/videos/36_tmpFile_converted.webm] 
[25-Jul-2017 14:15:09 America/Sao_Paulo] Duration founded: 0:03:41
[25-Jul-2017 14:15:09 America/Sao_Paulo] YouPHPTube-Encoder sending file to https://127.0.0.1/YouPHPTube/youPHPTubeEncoder.json
[25-Jul-2017 14:15:09 America/Sao_Paulo] YouPHPTube-Encoder reading file from /home/daniel/Dropbox/htdocs/YouPHPTube-Encoder/videos/36_tmpFile_converted.mp4
[25-Jul-2017 14:15:09 America/Sao_Paulo] Duration founded: 0:03:41
[25-Jul-2017 14:15:09 America/Sao_Paulo] YouPHPTube-Encoder sending file to https://127.0.0.1/YouPHPTube/youPHPTubeEncoder.json
[25-Jul-2017 14:15:09 America/Sao_Paulo] YouPHPTube-Encoder reading file from /home/daniel/Dropbox/htdocs/YouPHPTube-Encoder/videos/36_tmpFile_converted.webm
[25-Jul-2017 14:15:10 America/Sao_Paulo] PHP Notice:  Undefined property: stdClass::$error in /home/daniel/Dropbox/htdocs/YouPHPTube-Encoder/objects/Encoder.php on line 380
[25-Jul-2017 14:15:46 America/Sao_Paulo] YouPHPTube-Encoder Start Encoder [ffmpeg -i /home/daniel/Dropbox/htdocs/YouPHPTube-Encoder/videos/36_tmpFile.mp4 -vf scale=640:360 -vcodec h264 -acodec aac -strict -2 -y /home/daniel/Dropbox/htdocs/YouPHPTube-Encoder/videos/36_tmpFile_converted.mp4] 
[25-Jul-2017 14:18:00 America/Sao_Paulo] YouPHPTube-Encoder Start Encoder [ffmpeg -i /home/daniel/Dropbox/htdocs/YouPHPTube-Encoder/videos/36_tmpFile.mp4 -vf scale=320:180 -f webm -c:v libvpx -b:v 1M -acodec libvorbis -y /home/daniel/Dropbox/htdocs/YouPHPTube-Encoder/videos/36_tmpFile_converted.webm] 
[25-Jul-2017 14:20:41 America/Sao_Paulo] Duration founded: 0:03:41
[25-Jul-2017 14:20:41 America/Sao_Paulo] YouPHPTube-Encoder sending file to https://127.0.0.1/YouPHPTube/youPHPTubeEncoder.json
[25-Jul-2017 14:20:41 America/Sao_Paulo] YouPHPTube-Encoder reading file from /home/daniel/Dropbox/htdocs/YouPHPTube-Encoder/videos/36_tmpFile_converted.mp4
[25-Jul-2017 14:20:41 America/Sao_Paulo] Duration founded: 0:03:41
[25-Jul-2017 14:20:41 America/Sao_Paulo] YouPHPTube-Encoder sending file to https://127.0.0.1/YouPHPTube/youPHPTubeEncoder.json
[25-Jul-2017 14:20:41 America/Sao_Paulo] YouPHPTube-Encoder reading file from /home/daniel/Dropbox/htdocs/YouPHPTube-Encoder/videos/36_tmpFile_converted.webm
[25-Jul-2017 14:20:42 America/Sao_Paulo] PHP Notice:  Undefined property: stdClass::$error in /home/daniel/Dropbox/htdocs/YouPHPTube-Encoder/objects/Encoder.php on line 380
[25-Jul-2017 14:20:42 America/Sao_Paulo] YouPHPTube-Encoder Start Encoder [ffmpeg -i /home/daniel/Dropbox/htdocs/YouPHPTube-Encoder/videos/37_tmpFile.mp4 -vf scale=640:360 -vcodec h264 -acodec aac -strict -2 -y /home/daniel/Dropbox/htdocs/YouPHPTube-Encoder/videos/37_tmpFile_converted.mp4] 
[25-Jul-2017 14:21:08 America/Sao_Paulo] YouPHPTube-Encoder Start Encoder [ffmpeg -i /home/daniel/Dropbox/htdocs/YouPHPTube-Encoder/videos/37_tmpFile.mp4 -vf scale=320:180 -f webm -c:v libvpx -b:v 1M -acodec libvorbis -y /home/daniel/Dropbox/htdocs/YouPHPTube-Encoder/videos/37_tmpFile_converted.webm] 
[25-Jul-2017 14:21:32 America/Sao_Paulo] Duration founded: 0:02:14
[25-Jul-2017 14:21:32 America/Sao_Paulo] YouPHPTube-Encoder sending file to https://127.0.0.1/YouPHPTube/youPHPTubeEncoder.json
[25-Jul-2017 14:21:32 America/Sao_Paulo] YouPHPTube-Encoder reading file from /home/daniel/Dropbox/htdocs/YouPHPTube-Encoder/videos/37_tmpFile_converted.mp4
[25-Jul-2017 14:21:32 America/Sao_Paulo] Duration founded: 0:02:14
[25-Jul-2017 14:21:32 America/Sao_Paulo] YouPHPTube-Encoder sending file to https://127.0.0.1/YouPHPTube/youPHPTubeEncoder.json
[25-Jul-2017 14:21:32 America/Sao_Paulo] YouPHPTube-Encoder reading file from /home/daniel/Dropbox/htdocs/YouPHPTube-Encoder/videos/37_tmpFile_converted.webm
[25-Jul-2017 14:21:33 America/Sao_Paulo] PHP Notice:  Undefined property: stdClass::$error in /home/daniel/Dropbox/htdocs/YouPHPTube-Encoder/objects/Encoder.php on line 380
[25-Jul-2017 14:21:56 America/Sao_Paulo] YouPHPTube-Encoder Start Encoder [ffmpeg -i /home/daniel/Dropbox/htdocs/YouPHPTube-Encoder/videos/37_tmpFile.mp4 -vf scale=640:360 -vcodec h264 -acodec aac -strict -2 -y /home/daniel/Dropbox/htdocs/YouPHPTube-Encoder/videos/37_tmpFile_converted.mp4] 
[25-Jul-2017 14:22:16 America/Sao_Paulo] YouPHPTube-Encoder Start Encoder [ffmpeg -i /home/daniel/Dropbox/htdocs/YouPHPTube-Encoder/videos/37_tmpFile.mp4 -vf scale=320:180 -f webm -c:v libvpx -b:v 1M -acodec libvorbis -y /home/daniel/Dropbox/htdocs/YouPHPTube-Encoder/videos/37_tmpFile_converted.webm] 
[25-Jul-2017 14:22:40 America/Sao_Paulo] Duration founded: 0:02:14
[25-Jul-2017 14:22:40 America/Sao_Paulo] YouPHPTube-Encoder sending file to https://127.0.0.1/YouPHPTube/youPHPTubeEncoder.json
[25-Jul-2017 14:22:40 America/Sao_Paulo] YouPHPTube-Encoder reading file from /home/daniel/Dropbox/htdocs/YouPHPTube-Encoder/videos/37_tmpFile_converted.mp4
[25-Jul-2017 14:22:40 America/Sao_Paulo] Duration founded: 0:02:14
[25-Jul-2017 14:22:40 America/Sao_Paulo] YouPHPTube-Encoder sending file to https://127.0.0.1/YouPHPTube/youPHPTubeEncoder.json
[25-Jul-2017 14:22:40 America/Sao_Paulo] YouPHPTube-Encoder reading file from /home/daniel/Dropbox/htdocs/YouPHPTube-Encoder/videos/37_tmpFile_converted.webm
[25-Jul-2017 14:22:40 America/Sao_Paulo] PHP Notice:  Undefined property: stdClass::$error in /home/daniel/Dropbox/htdocs/YouPHPTube-Encoder/objects/Encoder.php on line 380
[25-Jul-2017 14:22:41 America/Sao_Paulo] YouPHPTube-Encoder Start Encoder [ffmpeg -i /home/daniel/Dropbox/htdocs/YouPHPTube-Encoder/videos/36_tmpFile.mp4 -vf scale=640:360 -vcodec h264 -acodec aac -strict -2 -y /home/daniel/Dropbox/htdocs/YouPHPTube-Encoder/videos/36_tmpFile_converted.mp4] 
[25-Jul-2017 14:24:57 America/Sao_Paulo] YouPHPTube-Encoder Start Encoder [ffmpeg -i /home/daniel/Dropbox/htdocs/YouPHPTube-Encoder/videos/36_tmpFile.mp4 -vf scale=320:180 -f webm -c:v libvpx -b:v 1M -acodec libvorbis -y /home/daniel/Dropbox/htdocs/YouPHPTube-Encoder/videos/36_tmpFile_converted.webm] 
[25-Jul-2017 14:27:34 America/Sao_Paulo] Duration founded: 0:03:41
[25-Jul-2017 14:27:34 America/Sao_Paulo] YouPHPTube-Encoder sending file to https://127.0.0.1/YouPHPTube/youPHPTubeEncoder.json
[25-Jul-2017 14:27:34 America/Sao_Paulo] YouPHPTube-Encoder reading file from /home/daniel/Dropbox/htdocs/YouPHPTube-Encoder/videos/36_tmpFile_converted.mp4
[25-Jul-2017 14:27:35 America/Sao_Paulo] Duration founded: 0:03:41
[25-Jul-2017 14:27:35 America/Sao_Paulo] YouPHPTube-Encoder sending file to https://127.0.0.1/YouPHPTube/youPHPTubeEncoder.json
[25-Jul-2017 14:27:35 America/Sao_Paulo] YouPHPTube-Encoder reading file from /home/daniel/Dropbox/htdocs/YouPHPTube-Encoder/videos/36_tmpFile_converted.webm
[25-Jul-2017 14:27:35 America/Sao_Paulo] PHP Notice:  Undefined property: stdClass::$error in /home/daniel/Dropbox/htdocs/YouPHPTube-Encoder/objects/Encoder.php on line 380
[25-Jul-2017 14:28:33 America/Sao_Paulo] YouPHPTube-Encoder Start Encoder [ffmpeg -i /home/daniel/Dropbox/htdocs/YouPHPTube-Encoder/videos/37_tmpFile.mp4 -vf scale=640:360 -vcodec h264 -acodec aac -strict -2 -y /home/daniel/Dropbox/htdocs/YouPHPTube-Encoder/videos/37_tmpFile_converted.mp4] 
[25-Jul-2017 14:28:57 America/Sao_Paulo] YouPHPTube-Encoder Start Encoder [ffmpeg -i /home/daniel/Dropbox/htdocs/YouPHPTube-Encoder/videos/37_tmpFile.mp4 -vf scale=320:180 -f webm -c:v libvpx -b:v 1M -acodec libvorbis -y /home/daniel/Dropbox/htdocs/YouPHPTube-Encoder/videos/37_tmpFile_converted.webm] 
[25-Jul-2017 14:29:21 America/Sao_Paulo] Duration founded: 0:02:14
[25-Jul-2017 14:29:21 America/Sao_Paulo] YouPHPTube-Encoder sending file to https://127.0.0.1/YouPHPTube/youPHPTubeEncoder.json
[25-Jul-2017 14:29:21 America/Sao_Paulo] YouPHPTube-Encoder reading file from /home/daniel/Dropbox/htdocs/YouPHPTube-Encoder/videos/37_tmpFile_converted.mp4
[25-Jul-2017 14:29:22 America/Sao_Paulo] Duration founded: 0:02:14
[25-Jul-2017 14:29:22 America/Sao_Paulo] YouPHPTube-Encoder sending file to https://127.0.0.1/YouPHPTube/youPHPTubeEncoder.json
[25-Jul-2017 14:29:22 America/Sao_Paulo] YouPHPTube-Encoder reading file from /home/daniel/Dropbox/htdocs/YouPHPTube-Encoder/videos/37_tmpFile_converted.webm
[25-Jul-2017 14:29:22 America/Sao_Paulo] PHP Notice:  Undefined property: stdClass::$error in /home/daniel/Dropbox/htdocs/YouPHPTube-Encoder/objects/Encoder.php on line 380
[25-Jul-2017 14:34:20 America/Sao_Paulo] PHP Warning:  require_once(./objects/Encoder.php): failed to open stream: No such file or directory in /home/daniel/Dropbox/htdocs/YouPHPTube-Encoder/view/index.php on line 3
[25-Jul-2017 14:34:20 America/Sao_Paulo] PHP Fatal error:  require_once(): Failed opening required './objects/Encoder.php' (include_path='.:/usr/share/php') in /home/daniel/Dropbox/htdocs/YouPHPTube-Encoder/view/index.php on line 3
[25-Jul-2017 14:45:11 America/Sao_Paulo] YouPHPTube-Encoder Start Encoder [ffmpeg -i /home/daniel/Dropbox/htdocs/YouPHPTube-Encoder/videos/36_tmpFile.mp4 -vf scale=640:360 -vcodec h264 -acodec aac -strict -2 -y /home/daniel/Dropbox/htdocs/YouPHPTube-Encoder/videos/36_tmpFile_converted.mp4] 
[25-Jul-2017 14:47:18 America/Sao_Paulo] YouPHPTube-Encoder Start Encoder [ffmpeg -i /home/daniel/Dropbox/htdocs/YouPHPTube-Encoder/videos/36_tmpFile.mp4 -vf scale=320:180 -f webm -c:v libvpx -b:v 1M -acodec libvorbis -y /home/daniel/Dropbox/htdocs/YouPHPTube-Encoder/videos/36_tmpFile_converted.webm] 
[25-Jul-2017 14:49:55 America/Sao_Paulo] Duration founded: 0:03:41
[25-Jul-2017 14:49:55 America/Sao_Paulo] YouPHPTube-Encoder sending file to https://127.0.0.1/YouPHPTube/youPHPTubeEncoder.json
[25-Jul-2017 14:49:55 America/Sao_Paulo] YouPHPTube-Encoder reading file from /home/daniel/Dropbox/htdocs/YouPHPTube-Encoder/videos/36_tmpFile_converted.mp4
[25-Jul-2017 14:49:56 America/Sao_Paulo] Duration founded: 0:03:41
[25-Jul-2017 14:49:56 America/Sao_Paulo] YouPHPTube-Encoder sending file to https://127.0.0.1/YouPHPTube/youPHPTubeEncoder.json
[25-Jul-2017 14:49:56 America/Sao_Paulo] YouPHPTube-Encoder reading file from /home/daniel/Dropbox/htdocs/YouPHPTube-Encoder/videos/36_tmpFile_converted.webm
[25-Jul-2017 14:49:56 America/Sao_Paulo] PHP Notice:  Undefined property: stdClass::$error in /home/daniel/Dropbox/htdocs/YouPHPTube-Encoder/objects/Encoder.php on line 380
[25-Jul-2017 14:49:57 America/Sao_Paulo] YouPHPTube-Encoder Start Encoder [ffmpeg -i /home/daniel/Dropbox/htdocs/YouPHPTube-Encoder/videos/37_tmpFile.mp4 -vf scale=640:360 -vcodec h264 -acodec aac -strict -2 -y /home/daniel/Dropbox/htdocs/YouPHPTube-Encoder/videos/37_tmpFile_converted.mp4] 
[25-Jul-2017 14:50:21 America/Sao_Paulo] YouPHPTube-Encoder Start Encoder [ffmpeg -i /home/daniel/Dropbox/htdocs/YouPHPTube-Encoder/videos/37_tmpFile.mp4 -vf scale=320:180 -f webm -c:v libvpx -b:v 1M -acodec libvorbis -y /home/daniel/Dropbox/htdocs/YouPHPTube-Encoder/videos/37_tmpFile_converted.webm] 
[25-Jul-2017 14:50:44 America/Sao_Paulo] Duration founded: 0:02:14
[25-Jul-2017 14:50:44 America/Sao_Paulo] YouPHPTube-Encoder sending file to https://127.0.0.1/YouPHPTube/youPHPTubeEncoder.json
[25-Jul-2017 14:50:44 America/Sao_Paulo] YouPHPTube-Encoder reading file from /home/daniel/Dropbox/htdocs/YouPHPTube-Encoder/videos/37_tmpFile_converted.mp4
[25-Jul-2017 14:50:45 America/Sao_Paulo] Duration founded: 0:02:14
[25-Jul-2017 14:50:45 America/Sao_Paulo] YouPHPTube-Encoder sending file to https://127.0.0.1/YouPHPTube/youPHPTubeEncoder.json
[25-Jul-2017 14:50:45 America/Sao_Paulo] YouPHPTube-Encoder reading file from /home/daniel/Dropbox/htdocs/YouPHPTube-Encoder/videos/37_tmpFile_converted.webm
[25-Jul-2017 14:50:45 America/Sao_Paulo] PHP Notice:  Undefined property: stdClass::$error in /home/daniel/Dropbox/htdocs/YouPHPTube-Encoder/objects/Encoder.php on line 380
[25-Jul-2017 14:50:46 America/Sao_Paulo] Getting Video File https://127.0.0.1/YouPHPTube-Encoder/videos/original_HowtoChangeTheThemeofYouPHPTubever31_YPTuniqid_597783b3bed538.16775417
[25-Jul-2017 14:50:46 America/Sao_Paulo] YouPHPTube-Encoder Start Encoder [ffmpeg -i /home/daniel/Dropbox/htdocs/YouPHPTube-Encoder/videos/38_tmpFile.mp4 -vf scale=640:360 -vcodec h264 -acodec aac -strict -2 -y /home/daniel/Dropbox/htdocs/YouPHPTube-Encoder/videos/38_tmpFile_converted.mp4] 
[25-Jul-2017 14:51:16 America/Sao_Paulo] YouPHPTube-Encoder Start Encoder [ffmpeg -i /home/daniel/Dropbox/htdocs/YouPHPTube-Encoder/videos/38_tmpFile.mp4 -vf scale=320:180 -f webm -c:v libvpx -b:v 1M -acodec libvorbis -y /home/daniel/Dropbox/htdocs/YouPHPTube-Encoder/videos/38_tmpFile_converted.webm] 
[25-Jul-2017 14:51:45 America/Sao_Paulo] Duration founded: 0:02:02
[25-Jul-2017 14:51:45 America/Sao_Paulo] YouPHPTube-Encoder sending file to https://127.0.0.1/YouPHPTube/youPHPTubeEncoder.json
[25-Jul-2017 14:51:45 America/Sao_Paulo] YouPHPTube-Encoder reading file from /home/daniel/Dropbox/htdocs/YouPHPTube-Encoder/videos/38_tmpFile_converted.mp4
[25-Jul-2017 14:51:48 America/Sao_Paulo] Duration founded: 0:02:02
[25-Jul-2017 14:51:48 America/Sao_Paulo] YouPHPTube-Encoder sending file to https://127.0.0.1/YouPHPTube/youPHPTubeEncoder.json
[25-Jul-2017 14:51:48 America/Sao_Paulo] YouPHPTube-Encoder reading file from /home/daniel/Dropbox/htdocs/YouPHPTube-Encoder/videos/38_tmpFile_converted.webm
[25-Jul-2017 14:51:49 America/Sao_Paulo] PHP Notice:  Undefined property: stdClass::$error in /home/daniel/Dropbox/htdocs/YouPHPTube-Encoder/objects/Encoder.php on line 380
